[ERROR] [2016-12-13 22:24:43][com.alibaba.druid.pool.DruidAbstractDataSource]maxIdle is deprecated
  [DEBUG] [2016-12-13 22:25:20][com.xxl.temp.service.TempService] addTempOrder[serialVersionUID:,createdate:2016-12-13 22:25:20,name:java.lang.String,address:java.lang.String,tel:java.lang.String,color:java.lang.String,num:java.lang.String,remark:java.lang.String,amount:298.0,size:java.lang.String,]
  [DEBUG] [2016-12-13 22:25:21][com.xxl.jms.service.JMSTaskService]send mail from Service:to275609395@qq.com
  [DEBUG] [2016-12-13 22:25:21][com.xxl.jms.service.JMSTaskService]start send mail
  [DEBUG] [2016-12-13 22:25:21][com.xxl.jms.service.JMSTaskService]start send mail end
  [DEBUG] [2016-12-13 22:25:21][com.xxl.jms.service.JMSTaskService]send mail end from Service:to275609395@qq.com
  [ERROR] [2016-12-13 22:56:16][com.alibaba.druid.pool.DruidAbstractDataSource]maxIdle is deprecated
  [DEBUG] [2016-12-13 22:56:39][com.xxl.temp.service.TempService] addTempOrder[serialVersionUID:,createdate:2016-12-13 22:56:39,name:java.lang.String,address:java.lang.String,tel:java.lang.String,color:java.lang.String,num:java.lang.String,remark:java.lang.String,amount:298.0,size:java.lang.String,]
  [DEBUG] [2016-12-13 22:56:39][com.xxl.jms.service.JMSTaskService]send mail from Service:to275609395@qq.com
  [DEBUG] [2016-12-13 22:56:39][com.xxl.jms.service.JMSTaskService]start send mail
  [DEBUG] [2016-12-13 22:56:39][com.xxl.jms.service.JMSTaskService]start send mail end
  [DEBUG] [2016-12-13 22:56:39][com.xxl.jms.service.JMSTaskService]send mail end from Service:to275609395@qq.com
  [ERROR] [2016-12-13 23:44:23][com.alibaba.druid.pool.DruidAbstractDataSource]maxIdle is deprecated
  [DEBUG] [2016-12-13 23:44:48][com.xxl.temp.service.TempService] addTempOrder[serialVersionUID:,createdate:2016-12-13 23:44:48,name:java.lang.String,address:java.lang.String,tel:java.lang.String,color:java.lang.String,num:java.lang.String,remark:java.lang.String,amount:298.0,size:java.lang.String,]
  [DEBUG] [2016-12-13 23:45:12][com.xxl.temp.service.TempService] addTempOrder[serialVersionUID:,createdate:2016-12-13 23:45:12,name:java.lang.String,address:java.lang.String,tel:java.lang.String,color:java.lang.String,num:java.lang.String,remark:java.lang.String,amount:298.0,size:java.lang.String,]
  [ERROR] [2016-12-13 23:56:22][com.alibaba.druid.pool.DruidAbstractDataSource]maxIdle is deprecated
  [ERROR] [2016-12-13 23:58:45][com.alibaba.druid.pool.DruidAbstractDataSource]maxIdle is deprecated
  [DEBUG] [2016-12-13 23:59:52][com.xxl.temp.service.TempService] addTempOrder[serialVersionUID:,createdate:2016-12-13 23:59:52,name:java.lang.String,address:java.lang.String,tel:java.lang.String,color:java.lang.String,num:java.lang.String,remark:java.lang.String,amount:298.0,size:java.lang.String,]
  [DEBUG] [2016-12-13 23:59:52][com.xxl.temp.service.TempService] addTempOrder[serialVersionUID:,createdate:2016-12-13 23:59:52,name:java.lang.String,address:java.lang.String,tel:java.lang.String,color:java.lang.String,num:java.lang.String,remark:java.lang.String,amount:298.0,size:java.lang.String,]
  [DEBUG] [2016-12-14 00:02:07][com.xxl.temp.service.TempService] addTempOrder[serialVersionUID:,createdate:2016-12-14 00:02:07,name:java.lang.String,address:java.lang.String,tel:java.lang.String,color:java.lang.String,num:java.lang.String,remark:java.lang.String,amount:298.0,size:java.lang.String,]
  [DEBUG] [2016-12-14 00:02:07][com.xxl.temp.service.TempService] addTempOrder[serialVersionUID:,createdate:2016-12-14 00:02:07,name:java.lang.String,address:java.lang.String,tel:java.lang.String,color:java.lang.String,num:java.lang.String,remark:java.lang.String,amount:298.0,size:java.lang.String,]
  [DEBUG] [2016-12-14 00:02:07][com.xxl.jms.service.JMSTaskService]send mail from Service:to275609395@qq.com
  [DEBUG] [2016-12-14 00:02:07][com.xxl.jms.service.JMSTaskService]send mail from Service:to275609395@qq.com
  [DEBUG] [2016-12-14 00:02:07][com.xxl.jms.service.JMSTaskService]start send mail
  [DEBUG] [2016-12-14 00:02:07][com.xxl.jms.service.JMSTaskService]start send mail
  [DEBUG] [2016-12-14 00:02:07][com.xxl.jms.service.JMSTaskService]start send mail end
  [DEBUG] [2016-12-14 00:02:07][com.xxl.jms.service.JMSTaskService]start send mail end
  [DEBUG] [2016-12-14 00:02:07][com.xxl.jms.service.JMSTaskService]send mail end from Service:to275609395@qq.com
  [DEBUG] [2016-12-14 00:02:07][com.xxl.jms.service.JMSTaskService]send mail end from Service:to275609395@qq.com
  [ERROR] [2016-12-14 00:28:27][com.alibaba.druid.pool.DruidAbstractDataSource]maxIdle is deprecated
  [DEBUG] [2016-12-14 00:29:37][com.xxl.temp.service.TempService] addTempOrder[serialVersionUID:,createdate:2016-12-14 00:29:37,name:java.lang.String,address:java.lang.String,tel:java.lang.String,color:java.lang.String,num:java.lang.String,remark:java.lang.String,amount:298.0,size:java.lang.String,]
  [DEBUG] [2016-12-14 00:29:37][com.xxl.temp.service.TempService] addTempOrder[serialVersionUID:,createdate:2016-12-14 00:29:37,name:java.lang.String,address:java.lang.String,tel:java.lang.String,color:java.lang.String,num:java.lang.String,remark:java.lang.String,amount:298.0,size:java.lang.String,]
  [DEBUG] [2016-12-14 00:29:37][com.xxl.jms.service.JMSTaskService]send mail from Service:to275609395@qq.com
  [DEBUG] [2016-12-14 00:29:37][com.xxl.jms.service.JMSTaskService]send mail from Service:to275609395@qq.com
  [DEBUG] [2016-12-14 00:29:37][com.xxl.jms.service.JMSTaskService]start send mail
  [DEBUG] [2016-12-14 00:29:37][com.xxl.jms.service.JMSTaskService]start send mail
  [DEBUG] [2016-12-14 00:29:37][com.xxl.jms.service.JMSTaskService]start send mail end
  [DEBUG] [2016-12-14 00:29:37][com.xxl.jms.service.JMSTaskService]start send mail end
  [DEBUG] [2016-12-14 00:29:37][com.xxl.jms.service.JMSTaskService]send mail end from Service:to275609395@qq.com
  [DEBUG] [2016-12-14 00:29:37][com.xxl.jms.service.JMSTaskService]send mail end from Service:to275609395@qq.com
  [ERROR] [2016-12-14 00:29:37][com.xxl.jms.service.QueueReceiver]Message处理失败
  javax.jms.JMSException: Failed to build body from content. Serializable class not available to broker. Reason: java.lang.ClassNotFoundException: Forbidden class common.value.SemMessageObject! This class is not trusted to be serialized as ObjectMessage payload. Please take a look at http://activemq.apache.org/objectmessage.html for more information on how to configure trusted classes.
	at org.apache.activemq.util.JMSExceptionSupport.create(JMSExceptionSupport.java:36)
	at org.apache.activemq.command.ActiveMQObjectMessage.getObject(ActiveMQObjectMessage.java:208)
	at com.xxl.jms.service.QueueReceiver.onMessage(QueueReceiver.java:41)
	at sun.reflect.NativeMethodAccessorImpl.invoke0(Native Method)
	at sun.reflect.NativeMethodAccessorImpl.invoke(NativeMethodAccessorImpl.java:57)
	at sun.reflect.DelegatingMethodAccessorImpl.invoke(DelegatingMethodAccessorImpl.java:43)
	at java.lang.reflect.Method.invoke(Method.java:606)
	at org.springframework.aop.support.AopUtils.invokeJoinpointUsingReflection(AopUtils.java:317)
	at org.springframework.aop.framework.ReflectiveMethodInvocation.invokeJoinpoint(ReflectiveMethodInvocation.java:190)
	at org.springframework.aop.framework.ReflectiveMethodInvocation.proceed(ReflectiveMethodInvocation.java:157)
	at org.springframework.transaction.interceptor.TransactionInterceptor$1.proceedWithInvocation(TransactionInterceptor.java:98)
	at org.springframework.transaction.interceptor.TransactionAspectSupport.invokeWithinTransaction(TransactionAspectSupport.java:262)
	at org.springframework.transaction.interceptor.TransactionInterceptor.invoke(TransactionInterceptor.java:95)
	at org.springframework.aop.framework.ReflectiveMethodInvocation.proceed(ReflectiveMethodInvocation.java:179)
	at org.springframework.aop.interceptor.ExposeInvocationInterceptor.invoke(ExposeInvocationInterceptor.java:92)
	at org.springframework.aop.framework.ReflectiveMethodInvocation.proceed(ReflectiveMethodInvocation.java:179)
	at org.springframework.aop.framework.JdkDynamicAopProxy.invoke(JdkDynamicAopProxy.java:207)
	at com.sun.proxy.$Proxy30.onMessage(Unknown Source)
	at org.springframework.jms.listener.adapter.MessageListenerAdapter.onMessage(MessageListenerAdapter.java:341)
	at org.springframework.jms.listener.AbstractMessageListenerContainer.doInvokeListener(AbstractMessageListenerContainer.java:537)
	at org.springframework.jms.listener.AbstractMessageListenerContainer.invokeListener(AbstractMessageListenerContainer.java:497)
	at org.springframework.jms.listener.AbstractMessageListenerContainer.doExecuteListener(AbstractMessageListenerContainer.java:468)
	at org.springframework.jms.listener.AbstractPollingMessageListenerContainer.doReceiveAndExecute(AbstractPollingMessageListenerContainer.java:325)
	at org.springframework.jms.listener.AbstractPollingMessageListenerContainer.receiveAndExecute(AbstractPollingMessageListenerContainer.java:263)
	at org.springframework.jms.listener.DefaultMessageListenerContainer$AsyncMessageListenerInvoker.invokeListener(DefaultMessageListenerContainer.java:1102)
	at org.springframework.jms.listener.DefaultMessageListenerContainer$AsyncMessageListenerInvoker.executeOngoingLoop(DefaultMessageListenerContainer.java:1094)
	at org.springframework.jms.listener.DefaultMessageListenerContainer$AsyncMessageListenerInvoker.run(DefaultMessageListenerContainer.java:991)
	at java.lang.Thread.run(Thread.java:745)
Caused by: java.lang.ClassNotFoundException: Forbidden class common.value.SemMessageObject! This class is not trusted to be serialized as ObjectMessage payload. Please take a look at http://activemq.apache.org/objectmessage.html for more information on how to configure trusted classes.
	at org.apache.activemq.util.ClassLoadingAwareObjectInputStream.checkSecurity(ClassLoadingAwareObjectInputStream.java:112)
	at org.apache.activemq.util.ClassLoadingAwareObjectInputStream.resolveClass(ClassLoadingAwareObjectInputStream.java:57)
	at java.io.ObjectInputStream.readNonProxyDesc(ObjectInputStream.java:1612)
	at java.io.ObjectInputStream.readClassDesc(ObjectInputStream.java:1517)
	at java.io.ObjectInputStream.readOrdinaryObject(ObjectInputStream.java:1771)
	at java.io.ObjectInputStream.readObject0(ObjectInputStream.java:1350)
	at java.io.ObjectInputStream.readObject(ObjectInputStream.java:370)
	at org.apache.activemq.command.ActiveMQObjectMessage.getObject(ActiveMQObjectMessage.java:206)
	... 26 more
[ERROR] [2016-12-14 00:29:37][com.xxl.jms.service.QueueReceiver]Message处理失败
  javax.jms.JMSException: Failed to build body from content. Serializable class not available to broker. Reason: java.lang.ClassNotFoundException: Forbidden class common.value.SemMessageObject! This class is not trusted to be serialized as ObjectMessage payload. Please take a look at http://activemq.apache.org/objectmessage.html for more information on how to configure trusted classes.
	at org.apache.activemq.util.JMSExceptionSupport.create(JMSExceptionSupport.java:36)
	at org.apache.activemq.command.ActiveMQObjectMessage.getObject(ActiveMQObjectMessage.java:208)
	at com.xxl.jms.service.QueueReceiver.onMessage(QueueReceiver.java:41)
	at sun.reflect.NativeMethodAccessorImpl.invoke0(Native Method)
	at sun.reflect.NativeMethodAccessorImpl.invoke(NativeMethodAccessorImpl.java:57)
	at sun.reflect.DelegatingMethodAccessorImpl.invoke(DelegatingMethodAccessorImpl.java:43)
	at java.lang.reflect.Method.invoke(Method.java:606)
	at org.springframework.aop.support.AopUtils.invokeJoinpointUsingReflection(AopUtils.java:317)
	at org.springframework.aop.framework.ReflectiveMethodInvocation.invokeJoinpoint(ReflectiveMethodInvocation.java:190)
	at org.springframework.aop.framework.ReflectiveMethodInvocation.proceed(ReflectiveMethodInvocation.java:157)
	at org.springframework.transaction.interceptor.TransactionInterceptor$1.proceedWithInvocation(TransactionInterceptor.java:98)
	at org.springframework.transaction.interceptor.TransactionAspectSupport.invokeWithinTransaction(TransactionAspectSupport.java:262)
	at org.springframework.transaction.interceptor.TransactionInterceptor.invoke(TransactionInterceptor.java:95)
	at org.springframework.aop.framework.ReflectiveMethodInvocation.proceed(ReflectiveMethodInvocation.java:179)
	at org.springframework.aop.interceptor.ExposeInvocationInterceptor.invoke(ExposeInvocationInterceptor.java:92)
	at org.springframework.aop.framework.ReflectiveMethodInvocation.proceed(ReflectiveMethodInvocation.java:179)
	at org.springframework.aop.framework.JdkDynamicAopProxy.invoke(JdkDynamicAopProxy.java:207)
	at com.sun.proxy.$Proxy30.onMessage(Unknown Source)
	at org.springframework.jms.listener.adapter.MessageListenerAdapter.onMessage(MessageListenerAdapter.java:341)
	at org.springframework.jms.listener.AbstractMessageListenerContainer.doInvokeListener(AbstractMessageListenerContainer.java:537)
	at org.springframework.jms.listener.AbstractMessageListenerContainer.invokeListener(AbstractMessageListenerContainer.java:497)
	at org.springframework.jms.listener.AbstractMessageListenerContainer.doExecuteListener(AbstractMessageListenerContainer.java:468)
	at org.springframework.jms.listener.AbstractPollingMessageListenerContainer.doReceiveAndExecute(AbstractPollingMessageListenerContainer.java:325)
	at org.springframework.jms.listener.AbstractPollingMessageListenerContainer.receiveAndExecute(AbstractPollingMessageListenerContainer.java:263)
	at org.springframework.jms.listener.DefaultMessageListenerContainer$AsyncMessageListenerInvoker.invokeListener(DefaultMessageListenerContainer.java:1102)
	at org.springframework.jms.listener.DefaultMessageListenerContainer$AsyncMessageListenerInvoker.executeOngoingLoop(DefaultMessageListenerContainer.java:1094)
	at org.springframework.jms.listener.DefaultMessageListenerContainer$AsyncMessageListenerInvoker.run(DefaultMessageListenerContainer.java:991)
	at java.lang.Thread.run(Thread.java:745)
Caused by: java.lang.ClassNotFoundException: Forbidden class common.value.SemMessageObject! This class is not trusted to be serialized as ObjectMessage payload. Please take a look at http://activemq.apache.org/objectmessage.html for more information on how to configure trusted classes.
	at org.apache.activemq.util.ClassLoadingAwareObjectInputStream.checkSecurity(ClassLoadingAwareObjectInputStream.java:112)
	at org.apache.activemq.util.ClassLoadingAwareObjectInputStream.resolveClass(ClassLoadingAwareObjectInputStream.java:57)
	at java.io.ObjectInputStream.readNonProxyDesc(ObjectInputStream.java:1612)
	at java.io.ObjectInputStream.readClassDesc(ObjectInputStream.java:1517)
	at java.io.ObjectInputStream.readOrdinaryObject(ObjectInputStream.java:1771)
	at java.io.ObjectInputStream.readObject0(ObjectInputStream.java:1350)
	at java.io.ObjectInputStream.readObject(ObjectInputStream.java:370)
	at org.apache.activemq.command.ActiveMQObjectMessage.getObject(ActiveMQObjectMessage.java:206)
	... 26 more
[ERROR] [2016-12-14 00:40:19][com.alibaba.druid.pool.DruidAbstractDataSource]maxIdle is deprecated
  [DEBUG] [2016-12-14 00:40:57][com.xxl.temp.service.TempService] addTempOrder[serialVersionUID:,createdate:2016-12-14 00:40:57,name:java.lang.String,address:java.lang.String,tel:java.lang.String,color:java.lang.String,num:java.lang.String,remark:java.lang.String,amount:298.0,size:java.lang.String,]
  [DEBUG] [2016-12-14 00:40:57][com.xxl.temp.service.TempService] addTempOrder[serialVersionUID:,createdate:2016-12-14 00:40:57,name:java.lang.String,address:java.lang.String,tel:java.lang.String,color:java.lang.String,num:java.lang.String,remark:java.lang.String,amount:298.0,size:java.lang.String,]
  [DEBUG] [2016-12-14 00:42:02][com.xxl.temp.service.TempService] addTempOrder[serialVersionUID:,createdate:2016-12-14 00:42:01,name:java.lang.String,address:java.lang.String,tel:java.lang.String,color:java.lang.String,num:java.lang.String,remark:java.lang.String,amount:298.0,size:java.lang.String,]
  [DEBUG] [2016-12-14 00:42:02][com.xxl.temp.service.TempService] addTempOrder[serialVersionUID:,createdate:2016-12-14 00:42:01,name:java.lang.String,address:java.lang.String,tel:java.lang.String,color:java.lang.String,num:java.lang.String,remark:java.lang.String,amount:298.0,size:java.lang.String,]
  [ERROR] [2016-12-14 00:42:48][com.alibaba.druid.pool.DruidAbstractDataSource]maxIdle is deprecated
  [DEBUG] [2016-12-14 00:43:43][com.xxl.temp.service.TempService] addTempOrder[serialVersionUID:,createdate:2016-12-14 00:43:42,name:java.lang.String,address:java.lang.String,tel:java.lang.String,color:java.lang.String,num:java.lang.String,remark:java.lang.String,amount:298.0,size:java.lang.String,]
  [DEBUG] [2016-12-14 00:43:43][com.xxl.temp.service.TempService] addTempOrder[serialVersionUID:,createdate:2016-12-14 00:43:42,name:java.lang.String,address:java.lang.String,tel:java.lang.String,color:java.lang.String,num:java.lang.String,remark:java.lang.String,amount:298.0,size:java.lang.String,]
  [DEBUG] [2016-12-14 00:43:43][com.xxl.jms.service.JMSTaskService]send mail from Service:to275609395@qq.com
  [DEBUG] [2016-12-14 00:43:43][com.xxl.jms.service.JMSTaskService]send mail from Service:to275609395@qq.com
  [DEBUG] [2016-12-14 00:43:43][com.xxl.jms.service.JMSTaskService]start send mail
  [DEBUG] [2016-12-14 00:43:43][com.xxl.jms.service.JMSTaskService]start send mail
  [DEBUG] [2016-12-14 00:43:43][com.xxl.jms.service.JMSTaskService]start send mail end
  [DEBUG] [2016-12-14 00:43:43][com.xxl.jms.service.JMSTaskService]start send mail end
  [DEBUG] [2016-12-14 00:43:43][com.xxl.jms.service.JMSTaskService]send mail end from Service:to275609395@qq.com
  [DEBUG] [2016-12-14 00:43:43][com.xxl.jms.service.JMSTaskService]send mail end from Service:to275609395@qq.com
  [DEBUG] [2016-12-14 00:43:43][com.xxl.jms.service.QueueReceiver]subQUEQUE=[1]
  [DEBUG] [2016-12-14 00:43:43][com.xxl.jms.service.QueueReceiver]subQUEQUE=[1]
  [DEBUG] [2016-12-14 00:43:43][com.xxl.bussiness.MailSender]will send mail to[Ljava.lang.String;@2f5d28ce
  [DEBUG] [2016-12-14 00:43:43][com.xxl.bussiness.MailSender]will send mail to[Ljava.lang.String;@2f5d28ce
  [DEBUG] [2016-12-14 00:43:43][com.xxl.bussiness.MailSender]connect to [smtp.163.com],user[linyaoetk@163.com],password[linyao01],port[25]
  [DEBUG] [2016-12-14 00:43:43][com.xxl.bussiness.MailSender]connect to [smtp.163.com],user[linyaoetk@163.com],password[linyao01],port[25]
  [DEBUG] [2016-12-14 00:43:44][com.xxl.bussiness.MailSender]MailSender start send mail
  [DEBUG] [2016-12-14 00:43:44][com.xxl.bussiness.MailSender]MailSender start send mail
  [DEBUG] [2016-12-14 00:43:45][com.xxl.bussiness.MailSender]MailSender end send mail
  [DEBUG] [2016-12-14 00:43:45][com.xxl.bussiness.MailSender]MailSender end send mail
  